Using pre-set license

 COMMAND LINE ARGUMENTS:
/Applications/Unity/Hub/Editor/2020.3.0f1/Unity.app/Contents/MacOS/Unity
-adb2
-batchMode
-noUpm
-name
AssetImportWorker0
-projectPath
/Users/nswell/Documents/Git/CellStudio/ARMODs/Unity/ARMOD-Examples/ARMOD-SurvivalShooterAR/ARMOD-SurvivalShooterAR
-logFile
Logs/AssetImportWorker0.log
-srvPort
57907
Successfully changed project path to: /Users/nswell/Documents/Git/CellStudio/ARMODs/Unity/ARMOD-Examples/ARMOD-SurvivalShooterAR/ARMOD-SurvivalShooterAR
/Users/nswell/Documents/Git/CellStudio/ARMODs/Unity/ARMOD-Examples/ARMOD-SurvivalShooterAR/ARMOD-SurvivalShooterAR
Using Asset Import Pipeline V2.
Refreshing native plugins compatible for Editor in 77.90 ms, found 2 plugins.
Preloading 0 native plugins for Editor in 0.00 ms.
Initialize engine version: 2020.3.0f1 (c7b5465681fb)
[Subsystems] Discovering subsystems at path /Applications/Unity/Hub/Editor/2020.3.0f1/Unity.app/Contents/Resources/UnitySubsystems
[Subsystems] Discovering subsystems at path /Users/nswell/Documents/Git/CellStudio/ARMODs/Unity/ARMOD-Examples/ARMOD-SurvivalShooterAR/ARMOD-SurvivalShooterAR/Assets
GfxDevice: creating device client; threaded=0
2021-07-18 18:20:47.347 Unity[7946:195091] Color LCD preferred device: Intel(R) UHD Graphics 630 (low power)
2021-07-18 18:20:47.347 Unity[7946:195091] Metal devices available: 2
2021-07-18 18:20:47.347 Unity[7946:195091] 0: AMD Radeon Pro Vega 20 (high power)
2021-07-18 18:20:47.347 Unity[7946:195091] 1: Intel(R) UHD Graphics 630 (low power)
2021-07-18 18:20:47.347 Unity[7946:195091] Using device AMD Radeon Pro Vega 20 (high power)
Initializing Metal device caps: AMD Radeon Pro Vega 20
Initialize mono
Mono path[0] = '/Applications/Unity/Hub/Editor/2020.3.0f1/Unity.app/Contents/Managed'
Mono path[1] = '/Applications/Unity/Hub/Editor/2020.3.0f1/Unity.app/Contents/MonoBleedingEdge/lib/mono/unityjit'
Mono config path = '/Applications/Unity/Hub/Editor/2020.3.0f1/Unity.app/Contents/MonoBleedingEdge/etc'
Using monoOptions --debugger-agent=transport=dt_socket,embedding=1,server=y,suspend=n,address=127.0.0.1:56946
Begin MonoManager ReloadAssembly
Registering precompiled unity dll's ...
Register platform support module: /Applications/Unity/Hub/Editor/2020.3.0f1/Unity.app/Contents/PlaybackEngines/MacStandaloneSupport/UnityEditor.OSXStandalone.Extensions.dll
Registered in 0.000594 seconds.
Native extension for OSXStandalone target not found
Refreshing native plugins compatible for Editor in 65.69 ms, found 2 plugins.
Preloading 0 native plugins for Editor in 0.00 ms.
Invoked RoslynAnalysisRunner static constructor.
RoslynAnalysisRunner will not be running.
RoslynAnalysisRunner has terminated.
Mono: successfully reloaded assembly
- Completed reload, in  2.437 seconds
Platform modules already initialized, skipping
Registering precompiled user dll's ...
Registered in 0.004839 seconds.
Begin MonoManager ReloadAssembly
Native extension for OSXStandalone target not found
Refreshing native plugins compatible for Editor in 68.68 ms, found 2 plugins.
Preloading 0 native plugins for Editor in 0.00 ms.
Invoked RoslynAnalysisRunner static constructor.
RoslynAnalysisRunner will not be running.
RoslynAnalysisRunner has terminated.
Mono: successfully reloaded assembly
- Completed reload, in  1.410 seconds
Platform modules already initialized, skipping
========================================================================
Worker process is ready to serve import requests
Shader 'Universal Render Pipeline/Particles/Lit': fallback shader 'Universal Render Pipeline/Particles/SimpleLit' not found
Shader 'Universal Render Pipeline/Particles/Lit': fallback shader 'Universal Render Pipeline/Particles/SimpleLit' not found
Launching external process: /Applications/Unity/Hub/Editor/2020.3.0f1/Unity.app/Contents/Tools/UnityShaderCompiler
Launched and connected shader compiler UnityShaderCompiler after 0.01 seconds
Refreshing native plugins compatible for Editor in 0.81 ms, found 2 plugins.
Preloading 0 native plugins for Editor in 0.00 ms.
Unloading 3608 Unused Serialized files (Serialized files now loaded: 0)
System memory in use before: 237.7 MB.
System memory in use after: 235.3 MB.

Unloading 89 unused Assets to reduce memory usage. Loaded Objects now: 4011.
Total: 5.145971 ms (FindLiveObjects: 0.352859 ms CreateObjectMapping: 0.201921 ms MarkObjects: 2.809933 ms  DeleteObjects: 1.780230 ms)

========================================================================
Received Import Request.
  path: Assets/SurvivalShooter/Artwork/Scenes/Player And Enemy Testing.unity
  artifactKey: Guid(50346df580f09b64d8a92f1e326c3425) Importer(815301076,1909f56bfc062723c751e8b465ee728b)
Start importing Assets/SurvivalShooter/Artwork/Scenes/Player And Enemy Testing.unity using Guid(50346df580f09b64d8a92f1e326c3425) Importer(815301076,1909f56bfc062723c751e8b465ee728b)  -> (artifact id: '858b951a6a1d7f5d57f1fdaf67fcdb05') in 0.020361 seconds
  Import took 0.029236 seconds .

========================================================================
Received Import Request.
  Time since last request: 468.082212 seconds.
  path: Assets/SurvivalShooter/Artwork/Scenes/SurvivalShooter/SurvivalShooter_dir-0.asset
  artifactKey: Guid(a143502a2fd044d73b9381a3461aa82a) Importer(815301076,1909f56bfc062723c751e8b465ee728b)
Start importing Assets/SurvivalShooter/Artwork/Scenes/SurvivalShooter/SurvivalShooter_dir-0.asset using Guid(a143502a2fd044d73b9381a3461aa82a) Importer(815301076,1909f56bfc062723c751e8b465ee728b)  -> (artifact id: 'fa33790f32557505101656875bf930ff') in 0.860107 seconds
  Import took 0.867665 seconds .

========================================================================
Received Import Request.
  Time since last request: 2.621325 seconds.
  path: Assets/SurvivalShooter/Artwork/Scenes/Player And Enemy Testing/Lightmap-0_comp_light.exr
  artifactKey: Guid(6c3064e3057d74615aecca2622073114) Importer(815301076,1909f56bfc062723c751e8b465ee728b)
Start importing Assets/SurvivalShooter/Artwork/Scenes/Player And Enemy Testing/Lightmap-0_comp_light.exr using Guid(6c3064e3057d74615aecca2622073114) Importer(815301076,1909f56bfc062723c751e8b465ee728b)  -> (artifact id: '78b6caed91b1956e7eda535c6635e45a') in 1.148254 seconds
  Import took 1.155295 seconds .

========================================================================
Received Prepare
Registering precompiled user dll's ...
Registered in 0.006304 seconds.
Begin MonoManager ReloadAssembly
Native extension for OSXStandalone target not found
Refreshing native plugins compatible for Editor in 0.87 ms, found 2 plugins.
Preloading 0 native plugins for Editor in 0.00 ms.
Invoked RoslynAnalysisRunner static constructor.
RoslynAnalysisRunner will not be running.
RoslynAnalysisRunner has terminated.
Mono: successfully reloaded assembly
- Completed reload, in  1.206 seconds
Platform modules already initialized, skipping
Switching build target platform(2) subTarget(0) extendedPlatform(0) -> platform(9) subTarget(16777218) extendedPlatform(0)
Shader 'Universal Render Pipeline/Particles/Lit': fallback shader 'Universal Render Pipeline/Particles/SimpleLit' not found
Shader 'Universal Render Pipeline/Particles/Lit': fallback shader 'Universal Render Pipeline/Particles/SimpleLit' not found
Refreshing native plugins compatible for Editor in 1.49 ms, found 2 plugins.
Preloading 0 native plugins for Editor in 0.00 ms.
Unloading 3528 Unused Serialized files (Serialized files now loaded: 0)
System memory in use before: 244.9 MB.
System memory in use after: 242.5 MB.

Unloading 82 unused Assets to reduce memory usage. Loaded Objects now: 4020.
Total: 4.317463 ms (FindLiveObjects: 0.371211 ms CreateObjectMapping: 0.159042 ms MarkObjects: 2.258292 ms  DeleteObjects: 1.527644 ms)

AssetImportParameters requested are different than current active one (requested -> active):
  custom:graphics/normal-map-encoding: 01000000000000000000000000000000 -> 02000000000000000000000000000000
========================================================================
Received Prepare
Registering precompiled user dll's ...
Registered in 0.007048 seconds.
Begin MonoManager ReloadAssembly
Native extension for OSXStandalone target not found
Refreshing native plugins compatible for Editor in 0.73 ms, found 2 plugins.
Preloading 0 native plugins for Editor in 0.00 ms.
Invoked RoslynAnalysisRunner static constructor.
RoslynAnalysisRunner will not be running.
RoslynAnalysisRunner has terminated.
Mono: successfully reloaded assembly
- Completed reload, in  1.180 seconds
Platform modules already initialized, skipping
Switching build target platform(2) subTarget(0) extendedPlatform(0) -> platform(9) subTarget(16777218) extendedPlatform(0)
Shader 'Universal Render Pipeline/Particles/Lit': fallback shader 'Universal Render Pipeline/Particles/SimpleLit' not found
Shader 'Universal Render Pipeline/Particles/Lit': fallback shader 'Universal Render Pipeline/Particles/SimpleLit' not found
Refreshing native plugins compatible for Editor in 0.76 ms, found 2 plugins.
Preloading 0 native plugins for Editor in 0.00 ms.
Unloading 3528 Unused Serialized files (Serialized files now loaded: 0)
System memory in use before: 245.1 MB.
System memory in use after: 242.8 MB.

Unloading 82 unused Assets to reduce memory usage. Loaded Objects now: 4024.
Total: 4.803360 ms (FindLiveObjects: 0.444802 ms CreateObjectMapping: 0.270752 ms MarkObjects: 2.470241 ms  DeleteObjects: 1.615960 ms)

AssetImportParameters requested are different than current active one (requested -> active):
  custom:graphics/normal-map-encoding: 01000000000000000000000000000000 -> 02000000000000000000000000000000
========================================================================
Received Import Request.
  Time since last request: 2966.050137 seconds.
  path: Assets/SurvivalShooter/Artwork/Textures/fireplace_1k.hdr
  artifactKey: Guid(a6b4aacc1861a4b45b7bb419edb50972) Importer(815301076,1909f56bfc062723c751e8b465ee728b)
Start importing Assets/SurvivalShooter/Artwork/Textures/fireplace_1k.hdr using Guid(a6b4aacc1861a4b45b7bb419edb50972) Importer(815301076,1909f56bfc062723c751e8b465ee728b)  -> (artifact id: '3db15d2b447f4aa4507068047f7ecdc0') in 1.502211 seconds
  Import took 1.508764 seconds .

========================================================================
Received Import Request.
  Time since last request: 2707.239301 seconds.
  path: Assets/SurvivalShooter/Artwork/Prefabs/SurvivalShooter.prefab
  artifactKey: Guid(9c866171e48724679a84afd9a5bafa62) Importer(815301076,1909f56bfc062723c751e8b465ee728b)
Start importing Assets/SurvivalShooter/Artwork/Prefabs/SurvivalShooter.prefab using Guid(9c866171e48724679a84afd9a5bafa62) Importer(815301076,1909f56bfc062723c751e8b465ee728b)  -> (artifact id: 'a9cf064713539dc0580dcbab718a0152') in 4.350778 seconds
  Import took 4.366417 seconds .

========================================================================
Received Import Request.
  Time since last request: 0.000255 seconds.
  path: Assets/SurvivalShooter/Artwork/Prefabs/SurvivalShooter_Small.prefab
  artifactKey: Guid(84e387bcc3c624262aaab1c4993451e2) Importer(815301076,1909f56bfc062723c751e8b465ee728b)
Start importing Assets/SurvivalShooter/Artwork/Prefabs/SurvivalShooter_Small.prefab using Guid(84e387bcc3c624262aaab1c4993451e2) Importer(815301076,1909f56bfc062723c751e8b465ee728b)  -> (artifact id: '76c70bbed02a40ad737fe261eb462e91') in 0.929735 seconds
  Import took 0.941867 seconds .

========================================================================
Received Prepare
Registering precompiled user dll's ...
Registered in 0.009859 seconds.
Begin MonoManager ReloadAssembly
Native extension for OSXStandalone target not found
Refreshing native plugins compatible for Editor in 0.72 ms, found 2 plugins.
Preloading 0 native plugins for Editor in 0.00 ms.
Invoked RoslynAnalysisRunner static constructor.
RoslynAnalysisRunner will not be running.
RoslynAnalysisRunner has terminated.
Mono: successfully reloaded assembly
- Completed reload, in  1.223 seconds
Platform modules already initialized, skipping
Switching build target platform(2) subTarget(0) extendedPlatform(0) -> platform(9) subTarget(16777218) extendedPlatform(0)
Shader 'Universal Render Pipeline/Particles/Lit': fallback shader 'Universal Render Pipeline/Particles/SimpleLit' not found
Shader 'Universal Render Pipeline/Particles/Lit': fallback shader 'Universal Render Pipeline/Particles/SimpleLit' not found
Refreshing native plugins compatible for Editor in 0.82 ms, found 2 plugins.
Preloading 0 native plugins for Editor in 0.00 ms.
Unloading 3528 Unused Serialized files (Serialized files now loaded: 0)
System memory in use before: 274.7 MB.
System memory in use after: 272.4 MB.

Unloading 83 unused Assets to reduce memory usage. Loaded Objects now: 4098.
Total: 5.820240 ms (FindLiveObjects: 0.444907 ms CreateObjectMapping: 0.215808 ms MarkObjects: 2.751411 ms  DeleteObjects: 2.406638 ms)

AssetImportParameters requested are different than current active one (requested -> active):
  custom:graphics/normal-map-encoding: 01000000000000000000000000000000 -> 02000000000000000000000000000000
========================================================================
Received Import Request.
  Time since last request: 1858.677835 seconds.
  path: Assets/SurvivalShooter/Artwork/Meshes/Player.fbx
  artifactKey: Guid(f1d84cc28597f5641a3d9cbc4df7e306) Importer(815301076,1909f56bfc062723c751e8b465ee728b)
Start importing Assets/SurvivalShooter/Artwork/Meshes/Player.fbx using Guid(f1d84cc28597f5641a3d9cbc4df7e306) Importer(815301076,1909f56bfc062723c751e8b465ee728b)  -> (artifact id: '4f3da6d27198baa082a35ee6cd0977ee') in 1.048506 seconds
  Import took 1.055592 seconds .

========================================================================
Received Import Request.
  Time since last request: 3.008461 seconds.
  path: Assets/SurvivalShooter/Artwork/Meshes/Player.fbx
  artifactKey: Guid(f1d84cc28597f5641a3d9cbc4df7e306) Importer(815301076,1909f56bfc062723c751e8b465ee728b)
Start importing Assets/SurvivalShooter/Artwork/Meshes/Player.fbx using Guid(f1d84cc28597f5641a3d9cbc4df7e306) Importer(815301076,1909f56bfc062723c751e8b465ee728b)  -> (artifact id: '051ea0f4fae59e7c581b9ecf985b49a6') in 0.424740 seconds
  Import took 0.431962 seconds .

========================================================================
Received Prepare
Registering precompiled user dll's ...
Registered in 0.010901 seconds.
Begin MonoManager ReloadAssembly
Native extension for OSXStandalone target not found
Refreshing native plugins compatible for Editor in 0.77 ms, found 2 plugins.
Preloading 0 native plugins for Editor in 0.00 ms.
Invoked RoslynAnalysisRunner static constructor.
RoslynAnalysisRunner will not be running.
RoslynAnalysisRunner has terminated.
Mono: successfully reloaded assembly
- Completed reload, in  1.231 seconds
Platform modules already initialized, skipping
Switching build target platform(2) subTarget(0) extendedPlatform(0) -> platform(9) subTarget(16777218) extendedPlatform(0)
Shader 'Universal Render Pipeline/Particles/Lit': fallback shader 'Universal Render Pipeline/Particles/SimpleLit' not found
Shader 'Universal Render Pipeline/Particles/Lit': fallback shader 'Universal Render Pipeline/Particles/SimpleLit' not found
Refreshing native plugins compatible for Editor in 0.82 ms, found 2 plugins.
Preloading 0 native plugins for Editor in 0.00 ms.
Unloading 3528 Unused Serialized files (Serialized files now loaded: 0)
System memory in use before: 280.7 MB.
System memory in use after: 278.4 MB.

Unloading 82 unused Assets to reduce memory usage. Loaded Objects now: 4143.
Total: 6.724870 ms (FindLiveObjects: 0.532213 ms CreateObjectMapping: 0.253034 ms MarkObjects: 4.054710 ms  DeleteObjects: 1.881922 ms)

AssetImportParameters requested are different than current active one (requested -> active):
  custom:graphics/normal-map-encoding: 01000000000000000000000000000000 -> 02000000000000000000000000000000
========================================================================
Received Prepare
Registering precompiled user dll's ...
Registered in 0.005415 seconds.
Begin MonoManager ReloadAssembly
Native extension for OSXStandalone target not found
Refreshing native plugins compatible for Editor in 0.76 ms, found 2 plugins.
Preloading 0 native plugins for Editor in 0.00 ms.
Invoked RoslynAnalysisRunner static constructor.
RoslynAnalysisRunner will not be running.
RoslynAnalysisRunner has terminated.
Mono: successfully reloaded assembly
- Completed reload, in  1.344 seconds
Platform modules already initialized, skipping
Switching build target platform(2) subTarget(0) extendedPlatform(0) -> platform(9) subTarget(16777218) extendedPlatform(0)
Shader 'Universal Render Pipeline/Particles/Lit': fallback shader 'Universal Render Pipeline/Particles/SimpleLit' not found
Shader 'Universal Render Pipeline/Particles/Lit': fallback shader 'Universal Render Pipeline/Particles/SimpleLit' not found
Refreshing native plugins compatible for Editor in 0.80 ms, found 2 plugins.
Preloading 0 native plugins for Editor in 0.00 ms.
Unloading 3528 Unused Serialized files (Serialized files now loaded: 0)
System memory in use before: 281.1 MB.
System memory in use after: 278.7 MB.

Unloading 82 unused Assets to reduce memory usage. Loaded Objects now: 4147.
Total: 5.382118 ms (FindLiveObjects: 0.466901 ms CreateObjectMapping: 0.228118 ms MarkObjects: 2.748665 ms  DeleteObjects: 1.936933 ms)

AssetImportParameters requested are different than current active one (requested -> active):
  custom:graphics/normal-map-encoding: 01000000000000000000000000000000 -> 02000000000000000000000000000000
========================================================================
Received Prepare
Registering precompiled user dll's ...
Registered in 0.005475 seconds.
Begin MonoManager ReloadAssembly
Native extension for OSXStandalone target not found
Refreshing native plugins compatible for Editor in 0.73 ms, found 2 plugins.
Preloading 0 native plugins for Editor in 0.00 ms.
Invoked RoslynAnalysisRunner static constructor.
RoslynAnalysisRunner will not be running.
RoslynAnalysisRunner has terminated.
Mono: successfully reloaded assembly
- Completed reload, in  1.158 seconds
Platform modules already initialized, skipping
Switching build target platform(2) subTarget(0) extendedPlatform(0) -> platform(9) subTarget(16777218) extendedPlatform(0)
Shader 'Universal Render Pipeline/Particles/Lit': fallback shader 'Universal Render Pipeline/Particles/SimpleLit' not found
Shader 'Universal Render Pipeline/Particles/Lit': fallback shader 'Universal Render Pipeline/Particles/SimpleLit' not found
Refreshing native plugins compatible for Editor in 0.91 ms, found 2 plugins.
Preloading 0 native plugins for Editor in 0.00 ms.
Unloading 3528 Unused Serialized files (Serialized files now loaded: 0)
System memory in use before: 281.3 MB.
System memory in use after: 279.0 MB.

Unloading 82 unused Assets to reduce memory usage. Loaded Objects now: 4151.
Total: 6.869543 ms (FindLiveObjects: 0.759551 ms CreateObjectMapping: 0.354659 ms MarkObjects: 3.467808 ms  DeleteObjects: 2.285006 ms)

AssetImportParameters requested are different than current active one (requested -> active):
  custom:graphics/normal-map-encoding: 01000000000000000000000000000000 -> 02000000000000000000000000000000
========================================================================
Received Prepare
Registering precompiled user dll's ...
Registered in 0.004492 seconds.
Begin MonoManager ReloadAssembly
Native extension for OSXStandalone target not found
Refreshing native plugins compatible for Editor in 0.73 ms, found 2 plugins.
Preloading 0 native plugins for Editor in 0.00 ms.
Invoked RoslynAnalysisRunner static constructor.
RoslynAnalysisRunner will not be running.
RoslynAnalysisRunner has terminated.
Mono: successfully reloaded assembly
- Completed reload, in  1.165 seconds
Platform modules already initialized, skipping
Switching build target platform(2) subTarget(0) extendedPlatform(0) -> platform(9) subTarget(16777218) extendedPlatform(0)
Shader 'Universal Render Pipeline/Particles/Lit': fallback shader 'Universal Render Pipeline/Particles/SimpleLit' not found
Shader 'Universal Render Pipeline/Particles/Lit': fallback shader 'Universal Render Pipeline/Particles/SimpleLit' not found
Refreshing native plugins compatible for Editor in 0.82 ms, found 2 plugins.
Preloading 0 native plugins for Editor in 0.00 ms.
Unloading 3528 Unused Serialized files (Serialized files now loaded: 0)
System memory in use before: 281.4 MB.
System memory in use after: 279.1 MB.

Unloading 82 unused Assets to reduce memory usage. Loaded Objects now: 4155.
Total: 6.470974 ms (FindLiveObjects: 0.654896 ms CreateObjectMapping: 0.269944 ms MarkObjects: 3.305535 ms  DeleteObjects: 2.238501 ms)

AssetImportParameters requested are different than current active one (requested -> active):
  custom:graphics/normal-map-encoding: 01000000000000000000000000000000 -> 02000000000000000000000000000000
========================================================================
Received Prepare
Registering precompiled user dll's ...
Registered in 0.005542 seconds.
Begin MonoManager ReloadAssembly
Native extension for OSXStandalone target not found
Refreshing native plugins compatible for Editor in 0.84 ms, found 2 plugins.
Preloading 0 native plugins for Editor in 0.00 ms.
Invoked RoslynAnalysisRunner static constructor.
RoslynAnalysisRunner will not be running.
RoslynAnalysisRunner has terminated.
Mono: successfully reloaded assembly
- Completed reload, in  1.451 seconds
Platform modules already initialized, skipping
Switching build target platform(2) subTarget(0) extendedPlatform(0) -> platform(9) subTarget(16777218) extendedPlatform(0)
Shader 'Universal Render Pipeline/Particles/Lit': fallback shader 'Universal Render Pipeline/Particles/SimpleLit' not found
Shader 'Universal Render Pipeline/Particles/Lit': fallback shader 'Universal Render Pipeline/Particles/SimpleLit' not found
Refreshing native plugins compatible for Editor in 0.87 ms, found 2 plugins.
Preloading 0 native plugins for Editor in 0.00 ms.
Unloading 3528 Unused Serialized files (Serialized files now loaded: 0)
System memory in use before: 281.8 MB.
System memory in use after: 279.4 MB.

Unloading 82 unused Assets to reduce memory usage. Loaded Objects now: 4159.
Total: 5.183963 ms (FindLiveObjects: 0.401168 ms CreateObjectMapping: 0.199263 ms MarkObjects: 2.612305 ms  DeleteObjects: 1.969053 ms)

AssetImportParameters requested are different than current active one (requested -> active):
  custom:graphics/normal-map-encoding: 01000000000000000000000000000000 -> 02000000000000000000000000000000
